[2020-12-03 23:11:06,724] multiqc                                            [DEBUG  ]  No MultiQC config found: /homes/lmabottervanelburg/.local/lib/python3.7/site-packages/multiqc_config.yaml
[2020-12-03 23:11:06,724] multiqc                                            [DEBUG  ]  No MultiQC config found: /homes/lmabottervanelburg/.multiqc_config.yaml
[2020-12-03 23:11:06,724] multiqc                                            [DEBUG  ]  No MultiQC config found: multiqc_config.yaml
[2020-12-03 23:11:06,724] multiqc                                            [DEBUG  ]  Command used: /homes/lmabottervanelburg/.local/bin/multiqc .
[2020-12-03 23:11:06,838] multiqc                                            [DEBUG  ]  Latest MultiQC version is v1.9
[2020-12-03 23:11:06,839] multiqc                                            [INFO   ]  This is MultiQC v1.9
[2020-12-03 23:11:06,839] multiqc                                            [DEBUG  ]  Command     : /homes/lmabottervanelburg/.local/bin/multiqc .
[2020-12-03 23:11:06,839] multiqc                                            [DEBUG  ]  Working dir : /homes/lmabottervanelburg/Thema06-repo/results/fastqc
[2020-12-03 23:11:06,839] multiqc                                            [INFO   ]  Template    : default
[2020-12-03 23:11:06,839] multiqc                                            [DEBUG  ]  Running Python 3.7.3 (default, Jul 25 2020, 13:03:44)  [GCC 8.3.0]
[2020-12-03 23:11:06,840] multiqc                                            [INFO   ]  Searching   : /homes/lmabottervanelburg/Thema06-repo/results/fastqc
[2020-12-03 23:11:06,840] multiqc                                            [DEBUG  ]  Analysing modules: custom_content, conpair, peddy, somalier, methylQA, mosdepth, phantompeakqualtools, qualimap, preseq, quast, qorts, rna_seqc, rockhopper, rsem, rseqc, busco, goleft_indexcov, disambiguate, supernova, deeptools, sargasso, verifybamid, mirtrace, happy, mirtop, homer, macs2, theta2, snpeff, gatk, htseq, bcftools, featureCounts, fgbio, dragen, dedup, damageprofiler, biobambam2, mtnucratio, picard, prokka, samblaster, samtools, sexdeterrmine, bamtools, jellyfish, vcftools, longranger, stacks, varscan2, bbmap, bismark, biscuit, hicexplorer, hicup, hicpro, salmon, kallisto, slamdunk, star, hisat2, tophat, bowtie2, bowtie1, snpsplit, kat, leehom, adapterRemoval, clipandmerge, cutadapt, flexbar, kaiju, kraken, malt, trimmomatic, sickle, skewer, sortmerna, biobloomtools, fastq_screen, afterqc, fastp, fastqc, pycoqc, minionqc, multivcfanalyzer, clusterflow, bcl2fastq, interop, ivar, flash, seqyclean
[2020-12-03 23:11:06,841] multiqc                                            [DEBUG  ]  Using temporary directory for creating report: /tmp/tmprffkh83t
[2020-12-03 23:11:06,986] multiqc                                            [DEBUG  ]  File ignored by hicexplorer because it exceeded search pattern filesize limit: SRR018013_1_fastqc.html
[2020-12-03 23:11:06,988] multiqc                                            [DEBUG  ]  File ignored by longranger/invocation because it exceeded search pattern filesize limit: SRR018013_1_fastqc.html
[2020-12-03 23:11:06,988] multiqc                                            [DEBUG  ]  File ignored by rockhopper because it exceeded search pattern filesize limit: SRR018013_1_fastqc.html
[2020-12-03 23:11:06,988] multiqc                                            [DEBUG  ]  File ignored by rseqc/bam_stat because it exceeded search pattern filesize limit: SRR018013_1_fastqc.html
[2020-12-03 23:11:06,988] multiqc                                            [DEBUG  ]  File ignored by rseqc/junction_annotation because it exceeded search pattern filesize limit: SRR018013_1_fastqc.html
[2020-12-03 23:11:06,988] multiqc                                            [DEBUG  ]  File ignored by rseqc/read_distribution because it exceeded search pattern filesize limit: SRR018013_1_fastqc.html
[2020-12-03 23:11:06,989] multiqc                                            [DEBUG  ]  File ignored by rseqc/infer_experiment because it exceeded search pattern filesize limit: SRR018013_1_fastqc.html
[2020-12-03 23:11:07,031] multiqc                                            [DEBUG  ]  File ignored by hicexplorer because it exceeded search pattern filesize limit: SRR018013_2_fastqc.html
[2020-12-03 23:11:07,032] multiqc                                            [DEBUG  ]  File ignored by longranger/invocation because it exceeded search pattern filesize limit: SRR018013_2_fastqc.html
[2020-12-03 23:11:07,032] multiqc                                            [DEBUG  ]  File ignored by rockhopper because it exceeded search pattern filesize limit: SRR018013_2_fastqc.html
[2020-12-03 23:11:07,033] multiqc                                            [DEBUG  ]  File ignored by rseqc/bam_stat because it exceeded search pattern filesize limit: SRR018013_2_fastqc.html
[2020-12-03 23:11:07,033] multiqc                                            [DEBUG  ]  File ignored by rseqc/junction_annotation because it exceeded search pattern filesize limit: SRR018013_2_fastqc.html
[2020-12-03 23:11:07,033] multiqc                                            [DEBUG  ]  File ignored by rseqc/read_distribution because it exceeded search pattern filesize limit: SRR018013_2_fastqc.html
[2020-12-03 23:11:07,033] multiqc                                            [DEBUG  ]  File ignored by rseqc/infer_experiment because it exceeded search pattern filesize limit: SRR018013_2_fastqc.html
[2020-12-03 23:11:07,075] multiqc                                            [DEBUG  ]  File ignored by hicexplorer because it exceeded search pattern filesize limit: SRR018015_fastqc.html
[2020-12-03 23:11:07,076] multiqc                                            [DEBUG  ]  File ignored by longranger/invocation because it exceeded search pattern filesize limit: SRR018015_fastqc.html
[2020-12-03 23:11:07,076] multiqc                                            [DEBUG  ]  File ignored by rockhopper because it exceeded search pattern filesize limit: SRR018015_fastqc.html
[2020-12-03 23:11:07,076] multiqc                                            [DEBUG  ]  File ignored by rseqc/bam_stat because it exceeded search pattern filesize limit: SRR018015_fastqc.html
[2020-12-03 23:11:07,076] multiqc                                            [DEBUG  ]  File ignored by rseqc/junction_annotation because it exceeded search pattern filesize limit: SRR018015_fastqc.html
[2020-12-03 23:11:07,076] multiqc                                            [DEBUG  ]  File ignored by rseqc/read_distribution because it exceeded search pattern filesize limit: SRR018015_fastqc.html
[2020-12-03 23:11:07,076] multiqc                                            [DEBUG  ]  File ignored by rseqc/infer_experiment because it exceeded search pattern filesize limit: SRR018015_fastqc.html
[2020-12-03 23:11:07,124] multiqc                                            [DEBUG  ]  File ignored by hicexplorer because it exceeded search pattern filesize limit: SRR057598_fastqc.html
[2020-12-03 23:11:07,125] multiqc                                            [DEBUG  ]  File ignored by longranger/invocation because it exceeded search pattern filesize limit: SRR057598_fastqc.html
[2020-12-03 23:11:07,125] multiqc                                            [DEBUG  ]  File ignored by rockhopper because it exceeded search pattern filesize limit: SRR057598_fastqc.html
[2020-12-03 23:11:07,125] multiqc                                            [DEBUG  ]  File ignored by rseqc/bam_stat because it exceeded search pattern filesize limit: SRR057598_fastqc.html
[2020-12-03 23:11:07,125] multiqc                                            [DEBUG  ]  File ignored by rseqc/junction_annotation because it exceeded search pattern filesize limit: SRR057598_fastqc.html
[2020-12-03 23:11:07,125] multiqc                                            [DEBUG  ]  File ignored by rseqc/read_distribution because it exceeded search pattern filesize limit: SRR057598_fastqc.html
[2020-12-03 23:11:07,125] multiqc                                            [DEBUG  ]  File ignored by rseqc/infer_experiment because it exceeded search pattern filesize limit: SRR057598_fastqc.html
[2020-12-03 23:11:07,159] multiqc                                            [DEBUG  ]  File ignored by hicexplorer because it exceeded search pattern filesize limit: SRR057599_fastqc.html
[2020-12-03 23:11:07,160] multiqc                                            [DEBUG  ]  File ignored by longranger/invocation because it exceeded search pattern filesize limit: SRR057599_fastqc.html
[2020-12-03 23:11:07,161] multiqc                                            [DEBUG  ]  File ignored by rockhopper because it exceeded search pattern filesize limit: SRR057599_fastqc.html
[2020-12-03 23:11:07,161] multiqc                                            [DEBUG  ]  File ignored by rseqc/bam_stat because it exceeded search pattern filesize limit: SRR057599_fastqc.html
[2020-12-03 23:11:07,161] multiqc                                            [DEBUG  ]  File ignored by rseqc/junction_annotation because it exceeded search pattern filesize limit: SRR057599_fastqc.html
[2020-12-03 23:11:07,161] multiqc                                            [DEBUG  ]  File ignored by rseqc/read_distribution because it exceeded search pattern filesize limit: SRR057599_fastqc.html
[2020-12-03 23:11:07,161] multiqc                                            [DEBUG  ]  File ignored by rseqc/infer_experiment because it exceeded search pattern filesize limit: SRR057599_fastqc.html
[2020-12-03 23:11:07,189] multiqc                                            [DEBUG  ]  File ignored by hicexplorer because it exceeded search pattern filesize limit: SRR1106118_fastqc.html
[2020-12-03 23:11:07,190] multiqc                                            [DEBUG  ]  File ignored by longranger/invocation because it exceeded search pattern filesize limit: SRR1106118_fastqc.html
[2020-12-03 23:11:07,190] multiqc                                            [DEBUG  ]  File ignored by rockhopper because it exceeded search pattern filesize limit: SRR1106118_fastqc.html
[2020-12-03 23:11:07,190] multiqc                                            [DEBUG  ]  File ignored by rseqc/bam_stat because it exceeded search pattern filesize limit: SRR1106118_fastqc.html
[2020-12-03 23:11:07,190] multiqc                                            [DEBUG  ]  File ignored by rseqc/junction_annotation because it exceeded search pattern filesize limit: SRR1106118_fastqc.html
[2020-12-03 23:11:07,190] multiqc                                            [DEBUG  ]  File ignored by rseqc/read_distribution because it exceeded search pattern filesize limit: SRR1106118_fastqc.html
[2020-12-03 23:11:07,190] multiqc                                            [DEBUG  ]  File ignored by rseqc/infer_experiment because it exceeded search pattern filesize limit: SRR1106118_fastqc.html
[2020-12-03 23:11:07,219] multiqc                                            [DEBUG  ]  File ignored by hicexplorer because it exceeded search pattern filesize limit: SRR1106122_fastqc.html
[2020-12-03 23:11:07,220] multiqc                                            [DEBUG  ]  File ignored by longranger/invocation because it exceeded search pattern filesize limit: SRR1106122_fastqc.html
[2020-12-03 23:11:07,220] multiqc                                            [DEBUG  ]  File ignored by rockhopper because it exceeded search pattern filesize limit: SRR1106122_fastqc.html
[2020-12-03 23:11:07,220] multiqc                                            [DEBUG  ]  File ignored by rseqc/bam_stat because it exceeded search pattern filesize limit: SRR1106122_fastqc.html
[2020-12-03 23:11:07,220] multiqc                                            [DEBUG  ]  File ignored by rseqc/junction_annotation because it exceeded search pattern filesize limit: SRR1106122_fastqc.html
[2020-12-03 23:11:07,220] multiqc                                            [DEBUG  ]  File ignored by rseqc/read_distribution because it exceeded search pattern filesize limit: SRR1106122_fastqc.html
[2020-12-03 23:11:07,220] multiqc                                            [DEBUG  ]  File ignored by rseqc/infer_experiment because it exceeded search pattern filesize limit: SRR1106122_fastqc.html
[2020-12-03 23:11:07,249] multiqc                                            [DEBUG  ]  File ignored by hicexplorer because it exceeded search pattern filesize limit: SRR1106138_fastqc.html
[2020-12-03 23:11:07,250] multiqc                                            [DEBUG  ]  File ignored by longranger/invocation because it exceeded search pattern filesize limit: SRR1106138_fastqc.html
[2020-12-03 23:11:07,250] multiqc                                            [DEBUG  ]  File ignored by rockhopper because it exceeded search pattern filesize limit: SRR1106138_fastqc.html
[2020-12-03 23:11:07,250] multiqc                                            [DEBUG  ]  File ignored by rseqc/bam_stat because it exceeded search pattern filesize limit: SRR1106138_fastqc.html
[2020-12-03 23:11:07,251] multiqc                                            [DEBUG  ]  File ignored by rseqc/junction_annotation because it exceeded search pattern filesize limit: SRR1106138_fastqc.html
[2020-12-03 23:11:07,251] multiqc                                            [DEBUG  ]  File ignored by rseqc/read_distribution because it exceeded search pattern filesize limit: SRR1106138_fastqc.html
[2020-12-03 23:11:07,251] multiqc                                            [DEBUG  ]  File ignored by rseqc/infer_experiment because it exceeded search pattern filesize limit: SRR1106138_fastqc.html
[2020-12-03 23:11:07,280] multiqc                                            [DEBUG  ]  File ignored by hicexplorer because it exceeded search pattern filesize limit: SRR1106139_fastqc.html
[2020-12-03 23:11:07,281] multiqc                                            [DEBUG  ]  File ignored by longranger/invocation because it exceeded search pattern filesize limit: SRR1106139_fastqc.html
[2020-12-03 23:11:07,281] multiqc                                            [DEBUG  ]  File ignored by rockhopper because it exceeded search pattern filesize limit: SRR1106139_fastqc.html
[2020-12-03 23:11:07,281] multiqc                                            [DEBUG  ]  File ignored by rseqc/bam_stat because it exceeded search pattern filesize limit: SRR1106139_fastqc.html
[2020-12-03 23:11:07,281] multiqc                                            [DEBUG  ]  File ignored by rseqc/junction_annotation because it exceeded search pattern filesize limit: SRR1106139_fastqc.html
[2020-12-03 23:11:07,281] multiqc                                            [DEBUG  ]  File ignored by rseqc/read_distribution because it exceeded search pattern filesize limit: SRR1106139_fastqc.html
[2020-12-03 23:11:07,281] multiqc                                            [DEBUG  ]  File ignored by rseqc/infer_experiment because it exceeded search pattern filesize limit: SRR1106139_fastqc.html
[2020-12-03 23:11:07,314] multiqc                                            [DEBUG  ]  File ignored by hicexplorer because it exceeded search pattern filesize limit: SRR1106140_fastqc.html
[2020-12-03 23:11:07,315] multiqc                                            [DEBUG  ]  File ignored by longranger/invocation because it exceeded search pattern filesize limit: SRR1106140_fastqc.html
[2020-12-03 23:11:07,315] multiqc                                            [DEBUG  ]  File ignored by rockhopper because it exceeded search pattern filesize limit: SRR1106140_fastqc.html
[2020-12-03 23:11:07,315] multiqc                                            [DEBUG  ]  File ignored by rseqc/bam_stat because it exceeded search pattern filesize limit: SRR1106140_fastqc.html
[2020-12-03 23:11:07,315] multiqc                                            [DEBUG  ]  File ignored by rseqc/junction_annotation because it exceeded search pattern filesize limit: SRR1106140_fastqc.html
[2020-12-03 23:11:07,315] multiqc                                            [DEBUG  ]  File ignored by rseqc/read_distribution because it exceeded search pattern filesize limit: SRR1106140_fastqc.html
[2020-12-03 23:11:07,315] multiqc                                            [DEBUG  ]  File ignored by rseqc/infer_experiment because it exceeded search pattern filesize limit: SRR1106140_fastqc.html
[2020-12-03 23:11:07,557] multiqc.plots.bargraph                             [DEBUG  ]  Using matplotlib version 3.0.2
[2020-12-03 23:11:07,558] multiqc.plots.linegraph                            [DEBUG  ]  Using matplotlib version 3.0.2
[2020-12-03 23:11:07,560] multiqc                                            [DEBUG  ]  No samples found: custom_content
[2020-12-03 23:11:07,564] multiqc                                            [DEBUG  ]  No samples found: conpair
[2020-12-03 23:11:07,567] multiqc                                            [DEBUG  ]  No samples found: peddy
[2020-12-03 23:11:07,570] multiqc                                            [DEBUG  ]  No samples found: somalier
[2020-12-03 23:11:07,573] multiqc                                            [DEBUG  ]  No samples found: methylQA
[2020-12-03 23:11:07,578] multiqc                                            [DEBUG  ]  No samples found: mosdepth
[2020-12-03 23:11:07,581] multiqc                                            [DEBUG  ]  No samples found: phantompeakqualtools
[2020-12-03 23:11:07,583] multiqc                                            [DEBUG  ]  No samples found: qualimap
[2020-12-03 23:11:07,586] multiqc                                            [DEBUG  ]  No samples found: preseq
[2020-12-03 23:11:07,589] multiqc                                            [DEBUG  ]  No samples found: quast
[2020-12-03 23:11:07,592] multiqc                                            [DEBUG  ]  No samples found: qorts
[2020-12-03 23:11:07,596] multiqc                                            [DEBUG  ]  No samples found: rna_seqc
[2020-12-03 23:11:07,599] multiqc                                            [DEBUG  ]  No samples found: rockhopper
[2020-12-03 23:11:07,602] multiqc                                            [DEBUG  ]  No samples found: rsem
[2020-12-03 23:11:07,612] multiqc                                            [DEBUG  ]  No samples found: rseqc
[2020-12-03 23:11:07,615] multiqc                                            [DEBUG  ]  No samples found: busco
[2020-12-03 23:11:07,619] multiqc                                            [DEBUG  ]  No samples found: goleft_indexcov
[2020-12-03 23:11:07,622] multiqc                                            [DEBUG  ]  No samples found: disambiguate
[2020-12-03 23:11:07,626] multiqc                                            [DEBUG  ]  No samples found: supernova
[2020-12-03 23:11:07,635] multiqc                                            [DEBUG  ]  No samples found: deeptools
[2020-12-03 23:11:07,638] multiqc                                            [DEBUG  ]  No samples found: sargasso
[2020-12-03 23:11:07,642] multiqc                                            [DEBUG  ]  No samples found: verifybamid
[2020-12-03 23:11:07,645] multiqc                                            [DEBUG  ]  No samples found: mirtrace
[2020-12-03 23:11:07,648] multiqc                                            [DEBUG  ]  No samples found: happy
[2020-12-03 23:11:07,652] multiqc                                            [DEBUG  ]  No samples found: mirtop
[2020-12-03 23:11:07,657] multiqc                                            [DEBUG  ]  No samples found: homer
[2020-12-03 23:11:07,660] multiqc                                            [DEBUG  ]  No samples found: macs2
[2020-12-03 23:11:07,664] multiqc                                            [DEBUG  ]  No samples found: theta2
[2020-12-03 23:11:07,667] multiqc                                            [DEBUG  ]  No samples found: snpeff
[2020-12-03 23:11:07,673] multiqc                                            [DEBUG  ]  No samples found: gatk
[2020-12-03 23:11:07,676] multiqc                                            [DEBUG  ]  No samples found: htseq
[2020-12-03 23:11:07,680] multiqc                                            [DEBUG  ]  No samples found: bcftools
[2020-12-03 23:11:07,684] multiqc                                            [DEBUG  ]  No samples found: featureCounts
[2020-12-03 23:11:07,689] multiqc                                            [DEBUG  ]  No samples found: fgbio
[2020-12-03 23:11:07,700] multiqc                                            [DEBUG  ]  No samples found: dragen
[2020-12-03 23:11:07,704] multiqc                                            [DEBUG  ]  No samples found: dedup
[2020-12-03 23:11:07,710] multiqc                                            [DEBUG  ]  No samples found: damageprofiler
[2020-12-03 23:11:07,733] multiqc                                            [DEBUG  ]  No samples found: biobambam2
[2020-12-03 23:11:07,738] multiqc                                            [DEBUG  ]  No samples found: mtnucratio
[2020-12-03 23:11:07,741] multiqc                                            [DEBUG  ]  No samples found: picard
[2020-12-03 23:11:07,746] multiqc                                            [DEBUG  ]  No samples found: prokka
[2020-12-03 23:11:07,750] multiqc                                            [DEBUG  ]  No samples found: samblaster
[2020-12-03 23:11:07,757] multiqc                                            [DEBUG  ]  No samples found: samtools
[2020-12-03 23:11:07,761] multiqc                                            [DEBUG  ]  No samples found: sexdeterrmine
[2020-12-03 23:11:07,765] multiqc                                            [DEBUG  ]  No samples found: bamtools
[2020-12-03 23:11:07,769] multiqc                                            [DEBUG  ]  No samples found: jellyfish
[2020-12-03 23:11:07,777] multiqc                                            [DEBUG  ]  No samples found: vcftools
[2020-12-03 23:11:07,781] multiqc                                            [DEBUG  ]  No samples found: longranger
[2020-12-03 23:11:07,785] multiqc                                            [DEBUG  ]  No samples found: stacks
[2020-12-03 23:11:07,789] multiqc                                            [DEBUG  ]  No samples found: varscan2
[2020-12-03 23:11:07,800] multiqc                                            [DEBUG  ]  No samples found: bbmap
[2020-12-03 23:11:07,803] multiqc                                            [DEBUG  ]  No samples found: bismark
[2020-12-03 23:11:07,808] multiqc                                            [DEBUG  ]  No samples found: biscuit
[2020-12-03 23:11:07,812] multiqc                                            [DEBUG  ]  No samples found: hicexplorer
[2020-12-03 23:11:07,816] multiqc                                            [DEBUG  ]  No samples found: hicup
[2020-12-03 23:11:07,820] multiqc                                            [DEBUG  ]  No samples found: hicpro
[2020-12-03 23:11:07,824] multiqc                                            [DEBUG  ]  No samples found: salmon
[2020-12-03 23:11:07,828] multiqc                                            [DEBUG  ]  No samples found: kallisto
[2020-12-03 23:11:07,832] multiqc                                            [DEBUG  ]  No samples found: slamdunk
[2020-12-03 23:11:07,835] multiqc                                            [DEBUG  ]  No samples found: star
[2020-12-03 23:11:07,839] multiqc                                            [DEBUG  ]  No samples found: hisat2
[2020-12-03 23:11:07,842] multiqc                                            [DEBUG  ]  No samples found: tophat
[2020-12-03 23:11:07,846] multiqc                                            [DEBUG  ]  No samples found: bowtie2
[2020-12-03 23:11:07,850] multiqc                                            [DEBUG  ]  No samples found: bowtie1
[2020-12-03 23:11:07,853] multiqc                                            [DEBUG  ]  No samples found: snpsplit
[2020-12-03 23:11:07,857] multiqc                                            [DEBUG  ]  No samples found: kat
[2020-12-03 23:11:07,860] multiqc                                            [DEBUG  ]  No samples found: leehom
[2020-12-03 23:11:07,864] multiqc                                            [DEBUG  ]  No samples found: adapterRemoval
[2020-12-03 23:11:07,867] multiqc                                            [DEBUG  ]  No samples found: clipandmerge
[2020-12-03 23:11:07,871] multiqc                                            [DEBUG  ]  No samples found: cutadapt
[2020-12-03 23:11:07,875] multiqc                                            [DEBUG  ]  No samples found: flexbar
[2020-12-03 23:11:07,878] multiqc                                            [DEBUG  ]  No samples found: kaiju
[2020-12-03 23:11:07,882] multiqc                                            [DEBUG  ]  No samples found: kraken
[2020-12-03 23:11:07,886] multiqc                                            [DEBUG  ]  No samples found: malt
[2020-12-03 23:11:07,890] multiqc                                            [DEBUG  ]  No samples found: trimmomatic
[2020-12-03 23:11:07,894] multiqc                                            [DEBUG  ]  No samples found: sickle
[2020-12-03 23:11:07,897] multiqc                                            [DEBUG  ]  No samples found: skewer
[2020-12-03 23:11:07,901] multiqc                                            [DEBUG  ]  No samples found: sortmerna
[2020-12-03 23:11:07,905] multiqc                                            [DEBUG  ]  No samples found: biobloomtools
[2020-12-03 23:11:07,909] multiqc                                            [DEBUG  ]  No samples found: fastq_screen
[2020-12-03 23:11:07,913] multiqc                                            [DEBUG  ]  No samples found: afterqc
[2020-12-03 23:11:07,917] multiqc                                            [DEBUG  ]  No samples found: fastp
[2020-12-03 23:11:07,961] multiqc.modules.fastqc.fastqc                      [INFO   ]  Found 10 reports
[2020-12-03 23:11:08,027] multiqc                                            [DEBUG  ]  No samples found: pycoqc
[2020-12-03 23:11:08,030] multiqc                                            [DEBUG  ]  No samples found: minionqc
[2020-12-03 23:11:08,033] multiqc                                            [DEBUG  ]  No samples found: multivcfanalyzer
[2020-12-03 23:11:08,037] multiqc                                            [DEBUG  ]  No samples found: clusterflow
[2020-12-03 23:11:08,040] multiqc                                            [DEBUG  ]  No samples found: bcl2fastq
[2020-12-03 23:11:08,043] multiqc                                            [DEBUG  ]  No samples found: interop
[2020-12-03 23:11:08,046] multiqc                                            [DEBUG  ]  No samples found: ivar
[2020-12-03 23:11:08,050] multiqc                                            [DEBUG  ]  No samples found: flash
[2020-12-03 23:11:08,052] multiqc                                            [DEBUG  ]  No samples found: seqyclean
[2020-12-03 23:11:08,062] multiqc                                            [INFO   ]  Compressing plot data
[2020-12-03 23:11:08,152] multiqc                                            [INFO   ]  Report      : multiqc_report.html
[2020-12-03 23:11:08,152] multiqc                                            [INFO   ]  Data        : multiqc_data
[2020-12-03 23:11:08,152] multiqc                                            [DEBUG  ]  Moving data file from '/tmp/tmprffkh83t/multiqc_data' to '/homes/lmabottervanelburg/Thema06-repo/results/fastqc/multiqc_data'
[2020-12-03 23:11:08,290] multiqc                                            [INFO   ]  MultiQC complete
